<?xml version="1.0" encoding="UTF-8"?>
<!-- Generated by org.testng.reporters.JUnitXMLReporter -->
<testsuite ignored="0" hostname="LAPTOP-SB3IPN86" failures="0" tests="4" name="Test" time="0.053" errors="0" timestamp="2023-09-30T13:31:51 IST">
  <testcase classname="scripts.Test4" name="tc4" time="0.009"/>
  <testcase classname="scripts.Test3" name="tc3" time="0.001"/>
  <testcase classname="scripts.Test2" name="tc2" time="0.001"/>
  <testcase classname="scripts.Test1" name="tc1" time="0.001"/>
</testsuite> <!-- Test -->
