<?xml version="1.0" encoding="UTF-8"?>
<testng-results ignored="0" total="4" passed="4" failed="0" skipped="0">
  <reporter-output>
    <line>
      <![CDATA[Hello API]]>
    </line>
    <line>
      <![CDATA[Hello python]]>
    </line>
    <line>
      <![CDATA[Hello selenium]]>
    </line>
    <line>
      <![CDATA[Hello java]]>
    </line>
  </reporter-output>
  <suite started-at="2023-09-30T13:31:51 IST" name="Suite" finished-at="2023-09-30T13:31:51 IST" duration-ms="53">
    <groups>
    </groups>
    <test started-at="2023-09-30T13:31:51 IST" name="Test" finished-at="2023-09-30T13:31:51 IST" duration-ms="53">
      <class name="scripts.Test1">
        <test-method signature="tc1()[pri:0, instance:scripts.Test1@e056f20]" started-at="2023-09-30T13:31:51 IST" name="tc1" finished-at="2023-09-30T13:31:51 IST" duration-ms="1" status="PASS">
          <reporter-output>
            <line>
              <![CDATA[Hello java]]>
            </line>
          </reporter-output>
        </test-method> <!-- tc1 -->
      </class> <!-- scripts.Test1 -->
      <class name="scripts.Test3">
        <test-method signature="tc3()[pri:0, instance:scripts.Test3@6e4784bc]" started-at="2023-09-30T13:31:51 IST" name="tc3" finished-at="2023-09-30T13:31:51 IST" duration-ms="1" status="PASS">
          <reporter-output>
            <line>
              <![CDATA[Hello python]]>
            </line>
          </reporter-output>
        </test-method> <!-- tc3 -->
      </class> <!-- scripts.Test3 -->
      <class name="scripts.Test2">
        <test-method signature="tc2()[pri:0, instance:scripts.Test2@34b7ac2f]" started-at="2023-09-30T13:31:51 IST" name="tc2" finished-at="2023-09-30T13:31:51 IST" duration-ms="1" status="PASS">
          <reporter-output>
            <line>
              <![CDATA[Hello selenium]]>
            </line>
          </reporter-output>
        </test-method> <!-- tc2 -->
      </class> <!-- scripts.Test2 -->
      <class name="scripts.Test4">
        <test-method signature="tc4()[pri:0, instance:scripts.Test4@63021689]" started-at="2023-09-30T13:31:51 IST" name="tc4" finished-at="2023-09-30T13:31:51 IST" duration-ms="9" status="PASS">
          <reporter-output>
            <line>
              <![CDATA[Hello API]]>
            </line>
          </reporter-output>
        </test-method> <!-- tc4 -->
      </class> <!-- scripts.Test4 -->
    </test> <!-- Test -->
  </suite> <!-- Suite -->
</testng-results>
